app/build/intermediates/manifest_merge_blame_file/debug/manifest-merger-blame-debug-report.txt
1<?xml version="1.0" encoding="utf-8"?>
2<manifest xmlns:android="http://schemas.android.com/apk/res/android"
3    package="com.example.nativeaudio"
4    android:versionCode="1"
5    android:versionName="1.0" >
6
7    <uses-sdk
7-->src/main/AndroidManifest.xml:17:5-43
8        android:minSdkVersion="9"
8-->src/main/AndroidManifest.xml:17:15-40
9        android:targetSdkVersion="9" />
9-->src/main/AndroidManifest.xml:17:5-43
10
11    <!-- RECORD_AUDIO is needed to create an audio recorder -->
12    <uses-permission android:name="android.permission.RECORD_AUDIO" />
12-->src/main/AndroidManifest.xml:20:5-87
12-->src/main/AndroidManifest.xml:20:22-68
13
14    <!-- MODIFY_AUDIO_SETTINGS is needed to use audio effects such as environmental reverb -->
15    <uses-permission android:name="android.permission.MODIFY_AUDIO_SETTINGS" />
15-->src/main/AndroidManifest.xml:23:5-96
15-->src/main/AndroidManifest.xml:23:22-77
16
17    <!-- INTERNET is needed to use a URI-based audio player, depending on the URI -->
18    <uses-permission android:name="android.permission.INTERNET" />
18-->src/main/AndroidManifest.xml:26:5-83
18-->src/main/AndroidManifest.xml:26:22-64
19
20    <application
20-->src/main/AndroidManifest.xml:7:5-15:19
21        android:debuggable="true"
22        android:icon="@drawable/icon"
22-->src/main/AndroidManifest.xml:7:18-47
23        android:label="@string/app_name"
23-->src/main/AndroidManifest.xml:7:48-80
24        android:testOnly="true" >
25        <activity
25-->src/main/AndroidManifest.xml:8:9-14:20
26            android:name="com.example.nativeaudio.NativeAudio"
26-->src/main/AndroidManifest.xml:8:19-46
27            android:label="@string/app_name" >
27-->src/main/AndroidManifest.xml:9:19-51
28            <intent-filter>
28-->src/main/AndroidManifest.xml:10:13-13:29
29                <action android:name="android.intent.action.MAIN" />
29-->src/main/AndroidManifest.xml:11:17-69
29-->src/main/AndroidManifest.xml:11:25-66
30
31                <category android:name="android.intent.category.LAUNCHER" />
31-->src/main/AndroidManifest.xml:12:17-77
31-->src/main/AndroidManifest.xml:12:27-74
32            </intent-filter>
33        </activity>
34    </application>
35
36</manifest>